\BOOKMARK [0][-]{chapter*.2}{List of Figures}{}% 1
\BOOKMARK [0][-]{chapter*.3}{List of Tables}{}% 2
\BOOKMARK [0][-]{chapter*.3}{Abstract}{}% 3
\BOOKMARK [0][-]{chapter*.3}{Dedication}{}% 4
\BOOKMARK [0][-]{chapter*.3}{Acknowledgments}{}% 5
\BOOKMARK [0][-]{chapter.1}{Introduction}{}% 6
\BOOKMARK [0][-]{chapter.2}{Photomechanical Energy Conversion Using Polymer Brush Dissociation}{}% 7
\BOOKMARK [1][-]{section.2.1}{Introduction}{chapter.2}% 8
\BOOKMARK [1][-]{section.2.2}{The System}{chapter.2}% 9
\BOOKMARK [1][-]{section.2.3}{Estimate of system parameters}{chapter.2}% 10
\BOOKMARK [1][-]{section.2.4}{Three dimensional model}{chapter.2}% 11
\BOOKMARK [1][-]{section.2.5}{Steady State Probability Distribution}{chapter.2}% 12
\BOOKMARK [1][-]{section.2.6}{One dimensional solution}{chapter.2}% 13
\BOOKMARK [1][-]{section.2.7}{Unbound Equilibration Model}{chapter.2}% 14
\BOOKMARK [2][-]{subsection.2.7.1}{Efficiency in large power stroke limit}{section.2.7}% 15
\BOOKMARK [1][-]{section.2.8}{Conclusions}{chapter.2}% 16
\BOOKMARK [0][-]{chapter.3}{Emergence of Metachronal Waves in Active Microtubule Arrays}{}% 17
\BOOKMARK [0][-]{chapter.4}{Conclusion}{}% 18
\BOOKMARK [0][-]{chapter*.4}{Bibliography}{}% 19
\BOOKMARK [0][-]{appendix.A}{Some Ancillary Stuff}{}% 20
